0 info it worked if it ends with ok
1 verbose cli [ 'node', '/usr/local/bin/npm', 'install', '-g', 'bower' ]
2 info using npm@2.5.1
3 info using node@v0.12.0
4 silly cache add args [ 'bower', null ]
5 verbose cache add spec bower
6 silly cache add parsed spec { raw: 'bower',
6 silly cache add   scope: null,
6 silly cache add   name: 'bower',
6 silly cache add   rawSpec: '',
6 silly cache add   spec: '*',
6 silly cache add   type: 'range' }
7 verbose addNamed bower@*
8 silly addNamed semver.valid null
9 silly addNamed semver.validRange *
10 silly addNameRange { name: 'bower', range: '*', hasData: false }
11 silly mapToRegistry name bower
12 silly mapToRegistry using default registry
13 silly mapToRegistry registry https://registry.npmjs.org/
14 silly mapToRegistry uri https://registry.npmjs.org/bower
15 verbose addNameRange registry:https://registry.npmjs.org/bower not in flight; fetching
16 verbose request uri https://registry.npmjs.org/bower
17 verbose request no auth needed
18 info attempt registry request try #1 at 10:51:29 PM
19 verbose request id 19c7b11be5d3297a
20 verbose etag "AHUG6I6FSKDJVXVZZ03DKMYIK"
21 http request GET https://registry.npmjs.org/bower
22 http 200 https://registry.npmjs.org/bower
23 silly get cb [ 200,
23 silly get   { server: 'CouchDB/1.5.0 (Erlang OTP/R16B03)',
23 silly get     etag: '"DB0IQ7VCEPIV7AKCR7UN0MGEQ"',
23 silly get     'content-type': 'application/json',
23 silly get     'content-encoding': 'gzip',
23 silly get     'cache-control': 'max-age=300',
23 silly get     'content-length': '20450',
23 silly get     'accept-ranges': 'bytes',
23 silly get     date: 'Tue, 24 May 2016 05:51:25 GMT',
23 silly get     via: '1.1 varnish',
23 silly get     age: '229',
23 silly get     connection: 'keep-alive',
23 silly get     'x-served-by': 'cache-dfw1841-DFW',
23 silly get     'x-cache': 'HIT',
23 silly get     'x-cache-hits': '1',
23 silly get     'x-timer': 'S1464069085.406817,VS0,VE0',
23 silly get     vary: 'Accept-Encoding' } ]
24 verbose get saving bower to /Users/King-Meerkat/.npm/registry.npmjs.org/bower/.cache.json
25 silly addNameRange number 2 { name: 'bower', range: '*', hasData: true }
26 silly addNameRange versions [ 'bower',
26 silly addNameRange   [ '0.1.0',
26 silly addNameRange     '0.1.2',
26 silly addNameRange     '0.1.3',
26 silly addNameRange     '0.2.0',
26 silly addNameRange     '0.3.0',
26 silly addNameRange     '0.3.1',
26 silly addNameRange     '0.3.2',
26 silly addNameRange     '0.4.0',
26 silly addNameRange     '0.5.0',
26 silly addNameRange     '0.5.1',
26 silly addNameRange     '0.6.0',
26 silly addNameRange     '0.6.1',
26 silly addNameRange     '0.6.2',
26 silly addNameRange     '0.6.3',
26 silly addNameRange     '0.6.4',
26 silly addNameRange     '0.6.5',
26 silly addNameRange     '0.6.6',
26 silly addNameRange     '0.6.7',
26 silly addNameRange     '0.6.8',
26 silly addNameRange     '0.7.0',
26 silly addNameRange     '0.7.1',
26 silly addNameRange     '0.8.0',
26 silly addNameRange     '0.8.1',
26 silly addNameRange     '0.8.2',
26 silly addNameRange     '0.8.3',
26 silly addNameRange     '0.8.4',
26 silly addNameRange     '0.8.5',
26 silly addNameRange     '0.8.6',
26 silly addNameRange     '0.9.0',
26 silly addNameRange     '0.9.1',
26 silly addNameRange     '0.9.2',
26 silly addNameRange     '0.10.0',
26 silly addNameRange     '1.0.0',
26 silly addNameRange     '1.0.1',
26 silly addNameRange     '1.0.2',
26 silly addNameRange     '1.0.3',
26 silly addNameRange     '1.1.0',
26 silly addNameRange     '1.1.1',
26 silly addNameRange     '1.1.2',
26 silly addNameRange     '1.2.0',
26 silly addNameRange     '1.2.1',
26 silly addNameRange     '1.2.2',
26 silly addNameRange     '1.2.3',
26 silly addNameRange     '1.2.4',
26 silly addNameRange     '1.2.5',
26 silly addNameRange     '1.2.6',
26 silly addNameRange     '1.2.7',
26 silly addNameRange     '1.2.8',
26 silly addNameRange     '1.3.0',
26 silly addNameRange     '1.3.1',
26 silly addNameRange     '1.3.2',
26 silly addNameRange     '1.3.3',
26 silly addNameRange     '1.3.4',
26 silly addNameRange     '1.3.5',
26 silly addNameRange     '1.3.6',
26 silly addNameRange     '1.3.7',
26 silly addNameRange     '1.3.8',
26 silly addNameRange     '1.3.9',
26 silly addNameRange     '1.3.10',
26 silly addNameRange     '1.3.11',
26 silly addNameRange     '1.3.12',
26 silly addNameRange     '1.4.0',
26 silly addNameRange     '1.4.1',
26 silly addNameRange     '1.5.0',
26 silly addNameRange     '1.5.1',
26 silly addNameRange     '1.5.2',
26 silly addNameRange     '1.5.3',
26 silly addNameRange     '1.6.2',
26 silly addNameRange     '1.6.3',
26 silly addNameRange     '1.6.4',
26 silly addNameRange     '1.6.5',
26 silly addNameRange     '1.5.4',
26 silly addNameRange     '1.4.2',
26 silly addNameRange     '1.6.6',
26 silly addNameRange     '1.6.7',
26 silly addNameRange     '1.6.8',
26 silly addNameRange     '1.6.9',
26 silly addNameRange     '1.7.0',
26 silly addNameRange     '1.7.1',
26 silly addNameRange     '1.7.2',
26 silly addNameRange     '1.7.5',
26 silly addNameRange     '1.7.6',
26 silly addNameRange     '1.7.7',
26 silly addNameRange     '1.7.8',
26 silly addNameRange     '1.7.9' ] ]
27 verbose addNamed bower@1.7.9
28 silly addNamed semver.valid 1.7.9
29 silly addNamed semver.validRange 1.7.9
30 silly mapToRegistry name bower
31 silly mapToRegistry using default registry
32 silly mapToRegistry registry https://registry.npmjs.org/
33 silly mapToRegistry uri https://registry.npmjs.org/bower
34 verbose addRemoteTarball https://registry.npmjs.org/bower/-/bower-1.7.9.tgz not in flight; adding
35 verbose addRemoteTarball [ 'https://registry.npmjs.org/bower/-/bower-1.7.9.tgz',
35 verbose addRemoteTarball   'b7296c2393e0d75edaa6ca39648132dd255812b0' ]
36 info retry fetch attempt 1 at 10:51:29 PM
37 info attempt registry request try #1 at 10:51:29 PM
38 http fetch GET https://registry.npmjs.org/bower/-/bower-1.7.9.tgz
39 http fetch 200 https://registry.npmjs.org/bower/-/bower-1.7.9.tgz
40 silly fetchAndShaCheck shasum b7296c2393e0d75edaa6ca39648132dd255812b0
41 verbose addTmpTarball /var/folders/kb/hm4hnvfj1pb0k2l2mjj31qjh0000gn/T/npm-29189-f72e49c8/registry.npmjs.org/bower/-/bower-1.7.9.tgz not in flight; adding
42 verbose addTmpTarball already have metadata; skipping unpack for bower@1.7.9
43 silly cache afterAdd bower@1.7.9
44 verbose afterAdd /Users/King-Meerkat/.npm/bower/1.7.9/package/package.json not in flight; writing
45 verbose afterAdd /Users/King-Meerkat/.npm/bower/1.7.9/package/package.json written
46 silly install resolved [ { name: 'bower',
46 silly install resolved     version: '1.7.9',
46 silly install resolved     description: 'The browser package manager',
46 silly install resolved     author: { name: 'Twitter' },
46 silly install resolved     license: 'MIT',
46 silly install resolved     repository: { type: 'git', url: 'git+https://github.com/bower/bower.git' },
46 silly install resolved     main: 'lib',
46 silly install resolved     bin: { bower: 'bin/bower' },
46 silly install resolved     homepage: 'http://bower.io',
46 silly install resolved     engines: { node: '>=0.10.0' },
46 silly install resolved     keywords: [ 'bower' ],
46 silly install resolved     files: [ 'bin', 'lib' ],
46 silly install resolved     bugs: { url: 'https://github.com/bower/bower/issues' },
46 silly install resolved     _id: 'bower@1.7.9',
46 silly install resolved     scripts: {},
46 silly install resolved     _shasum: 'b7296c2393e0d75edaa6ca39648132dd255812b0',
46 silly install resolved     _from: 'bower@*',
46 silly install resolved     _npmVersion: '3.7.3',
46 silly install resolved     _nodeVersion: '5.9.0',
46 silly install resolved     _npmUser: { name: 'sheerun', email: 'sheerun@sher.pl' },
46 silly install resolved     dist:
46 silly install resolved      { shasum: 'b7296c2393e0d75edaa6ca39648132dd255812b0',
46 silly install resolved        tarball: 'https://registry.npmjs.org/bower/-/bower-1.7.9.tgz' },
46 silly install resolved     maintainers:
46 silly install resolved      [ [Object],
46 silly install resolved        [Object],
46 silly install resolved        [Object],
46 silly install resolved        [Object],
46 silly install resolved        [Object],
46 silly install resolved        [Object],
46 silly install resolved        [Object] ],
46 silly install resolved     _npmOperationalInternal:
46 silly install resolved      { host: 'packages-12-west.internal.npmjs.com',
46 silly install resolved        tmp: 'tmp/bower-1.7.9.tgz_1459857239351_0.9720134933013469' },
46 silly install resolved     directories: {},
46 silly install resolved     _resolved: 'https://registry.npmjs.org/bower/-/bower-1.7.9.tgz' } ]
47 info install bower@1.7.9 into /usr/local/lib
48 info installOne bower@1.7.9
49 verbose installOne of bower to /usr/local/lib not in flight; installing
50 verbose lock using /Users/King-Meerkat/.npm/_locks/bower-e8debc5417026b57.lock for /usr/local/lib/node_modules/bower
51 silly install write writing bower 1.7.9 to /usr/local/lib/node_modules/bower
52 silly cache addNamed cb bower@1.7.9
53 verbose unbuild lib/node_modules/bower
54 info preuninstall bower@1.6.9
55 info uninstall bower@1.6.9
56 verbose unbuild rmStuff bower@1.6.9 from /usr/local/lib/node_modules
57 verbose gentlyRm verifying that /usr/local is managed by npm
58 silly isManaged /usr/local is not inside /usr/local/lib/node_modules
59 silly isManaged /usr/local is not inside /usr/local/lib/node_modules
60 silly isManaged /usr/local/bin is inside /usr/local
61 silly gentlyRm /usr/local is managed by npm
62 silly gentlyRm /usr/local/bin/bower is under /usr/local
63 verbose gentlyRm vacuuming /usr/local/bin/bower up to /usr/local
64 silly gentlyRm removing /usr/local/bin/bower
65 verbose unlock done using /Users/King-Meerkat/.npm/_locks/bower-e8debc5417026b57.lock for /usr/local/lib/node_modules/bower
66 verbose stack Error: EACCES, unlink '/usr/local/bin/bower'
66 verbose stack     at Error (native)
67 verbose cwd /Users/King-Meerkat/code/474/Climate-Change
68 error Darwin 15.2.0
69 error argv "node" "/usr/local/bin/npm" "install" "-g" "bower"
70 error node v0.12.0
71 error npm  v2.5.1
72 error path /usr/local/bin/bower
73 error code EACCES
74 error errno -13
75 error Error: EACCES, unlink '/usr/local/bin/bower'
75 error     at Error (native)
75 error  { [Error: EACCES, unlink '/usr/local/bin/bower'] errno: -13, code: 'EACCES', path: '/usr/local/bin/bower' }
76 error Please try running this command again as root/Administrator.
77 verbose exit [ -13, true ]
78 verbose unbuild lib/node_modules/bower
79 info preuninstall bower@1.6.9
80 info uninstall bower@1.6.9
81 verbose unbuild rmStuff bower@1.6.9 from /usr/local/lib/node_modules
82 verbose gentlyRm verifying that /usr/local is managed by npm
83 silly isManaged /usr/local is not inside /usr/local/lib/node_modules
84 silly isManaged /usr/local is not inside /usr/local/lib/node_modules
85 silly isManaged /usr/local is not inside /usr/local/bin
86 silly isManaged /usr/local is inside /usr/local
87 silly gentlyRm /usr/local is managed by npm
88 silly gentlyRm /usr/local/bin/bower is under /usr/local
89 verbose gentlyRm vacuuming /usr/local/bin/bower up to /usr/local
90 silly gentlyRm removing /usr/local/bin/bower
91 error error rolling back Error: EACCES, unlink '/usr/local/bin/bower'
91 error error rolling back     at Error (native)
91 error error rolling back  { [Error: EACCES, unlink '/usr/local/bin/bower'] errno: -13, code: 'EACCES', path: '/usr/local/bin/bower' }
